SF:lib/src/interfaces.dart
DA:75,0
DA:79,0
LF:2
LH:0
end_of_record
SF:lib/src/storage_service.dart
DA:51,2
DA:52,2
DA:57,4
DA:60,1
DA:61,0
DA:62,1
DA:67,2
DA:73,2
DA:74,2
DA:75,2
DA:79,2
DA:81,2
DA:85,2
DA:91,2
DA:93,2
DA:102,0
DA:104,0
DA:105,0
DA:110,0
DA:113,0
DA:116,0
DA:117,0
DA:118,0
DA:121,0
DA:123,0
DA:124,0
DA:126,0
DA:127,0
DA:132,0
DA:133,0
DA:136,0
DA:137,0
DA:138,0
DA:140,0
DA:141,0
DA:143,0
DA:146,0
DA:148,0
DA:153,2
DA:154,2
DA:155,0
DA:160,2
DA:161,4
DA:162,2
DA:166,2
DA:167,4
DA:174,2
DA:175,2
DA:176,1
DA:177,1
DA:178,1
DA:179,1
DA:183,2
DA:184,6
DA:185,4
DA:188,2
DA:189,8
DA:191,0
DA:196,2
DA:200,2
DA:204,2
DA:206,2
DA:208,2
DA:212,2
DA:214,4
DA:219,4
DA:221,1
DA:222,2
DA:224,1
DA:228,2
DA:234,2
DA:235,4
DA:237,2
DA:238,4
DA:242,0
DA:247,2
DA:252,0
DA:258,2
DA:264,2
DA:268,2
DA:273,2
DA:277,4
DA:283,2
DA:284,4
DA:285,1
DA:286,2
DA:290,2
DA:294,2
DA:296,0
DA:299,0
DA:314,2
DA:316,2
DA:322,2
DA:325,2
DA:326,2
DA:330,2
DA:333,2
DA:334,0
DA:340,0
DA:345,0
DA:350,0
DA:356,2
DA:359,2
DA:369,1
DA:371,1
DA:373,2
DA:375,1
DA:376,2
DA:377,0
DA:378,0
DA:382,2
DA:383,2
DA:387,2
DA:389,2
DA:392,4
DA:396,2
DA:397,4
DA:398,0
DA:399,0
DA:403,0
DA:404,0
DA:407,0
DA:408,0
DA:413,4
DA:414,4
DA:418,0
DA:424,0
DA:425,0
DA:428,0
DA:430,0
DA:431,0
DA:432,0
DA:437,0
DA:438,0
DA:447,0
DA:448,0
DA:451,0
DA:453,0
DA:454,0
DA:455,0
DA:460,0
DA:466,1
DA:468,1
DA:471,1
DA:472,1
DA:473,2
DA:474,2
DA:478,0
DA:484,1
DA:485,1
DA:488,2
DA:491,2
DA:492,4
DA:493,3
DA:494,1
DA:496,2
DA:497,2
DA:498,2
DA:503,0
DA:509,1
DA:510,1
DA:513,2
DA:516,2
DA:517,4
DA:518,3
DA:519,1
DA:521,2
DA:522,2
DA:523,2
DA:528,0
DA:534,2
DA:537,4
DA:538,4
DA:539,2
DA:540,2
DA:542,0
LF:176
LH:114
end_of_record
SF:lib/src/options.dart
DA:40,11
DA:47,3
DA:52,3
DA:53,2
DA:54,2
DA:55,3
LF:6
LH:6
end_of_record
SF:lib/src/exceptions.dart
DA:10,1
DA:12,0
DA:14,0
DA:20,0
DA:21,0
DA:26,1
DA:27,2
DA:32,0
DA:37,0
DA:38,0
DA:43,0
DA:44,0
LF:12
LH:3
end_of_record
SF:lib/src/models.dart
DA:17,3
DA:18,3
DA:21,3
DA:22,3
DA:24,12
DA:26,6
DA:27,3
DA:31,3
DA:33,3
DA:34,6
DA:35,4
DA:36,3
DA:37,6
DA:38,3
DA:43,3
DA:44,6
DA:48,3
DA:49,3
DA:50,3
DA:51,3
DA:52,6
DA:57,3
DA:58,3
DA:59,3
DA:75,3
DA:79,3
DA:80,3
DA:83,0
DA:84,0
DA:88,3
DA:89,3
DA:90,3
DA:91,6
DA:92,6
DA:97,1
DA:98,1
DA:99,1
DA:100,2
DA:101,2
LF:39
LH:37
end_of_record
SF:lib/src/builders.dart
DA:13,2
DA:16,2
DA:18,6
DA:22,2
DA:24,6
DA:28,2
DA:30,6
DA:34,2
DA:36,6
DA:39,1
DA:41,2
DA:44,0
DA:51,0
DA:54,0
DA:60,0
LF:15
LH:11
end_of_record
SF:lib/src/encryption.dart
DA:30,3
DA:31,3
DA:36,3
DA:38,6
DA:42,3
DA:43,3
DA:44,9
DA:45,3
DA:48,2
DA:51,2
DA:55,2
DA:57,2
DA:58,1
DA:59,2
DA:60,2
DA:61,0
DA:62,0
DA:65,0
DA:69,2
DA:72,2
DA:76,2
DA:78,2
DA:79,1
DA:80,2
DA:81,2
DA:82,0
DA:83,0
DA:86,1
DA:90,2
DA:98,4
DA:103,4
DA:107,0
DA:116,2
DA:118,2
DA:119,6
DA:127,1
DA:128,1
DA:129,3
DA:131,2
DA:132,3
DA:133,6
DA:136,1
DA:140,1
DA:141,1
DA:142,3
DA:144,2
DA:145,3
DA:146,6
DA:149,1
DA:153,2
DA:156,6
DA:160,2
DA:162,4
DA:163,2
DA:164,2
DA:166,1
DA:170,0
DA:172,0
DA:176,0
DA:180,0
DA:182,0
DA:186,0
DA:187,0
DA:188,0
DA:190,0
LF:65
LH:50
end_of_record
